 
------------------------------------------------------------------------
('Raw Data Directory:                     ', '/data/beegfs/astro-storage/groups/matisse/scheuck/data//GTO/hd142666/RAW/20190514')
('Calibration Directory:                  ', '/data/beegfs/astro-storage/groups/matisse/scheuck/data//GTO/hd142666/RAW/20190514')
('Results Directory:                      ', '/data/beegfs/astro-storage/groups/matisse/scheuck/data//GTO/hd142666/PRODUCTS/20190514')
('Number of Cores:                        ', 10)
('Maximum Number of Iteration:            ', 1)
------------------------------------------------------------------------
Sorting files according to constraints...
Determining the number of reduction blocks...
Found 3 reduction blocks.

('Iteration ', 1)
-----------------------
listing reduction blocks...
listing files in the reduction blocks...
listing actions in the reduction blocks...
listing calibrations in the reduction blocks...
done.
listing calibrations from previous iteration in the reduction blocks...
creating the sof files and directories...
sof file /data/beegfs/astro-storage/groups/matisse/scheuck/data//GTO/hd142666/PRODUCTS/20190514/Iter1/mat_raw_estimates.2019-05-14T04:52:11.HAWAII-2RG.sof does not exist. Creating it...
outputDir /data/beegfs/astro-storage/groups/matisse/scheuck/data//GTO/hd142666/PRODUCTS/20190514/Iter1/mat_raw_estimates.2019-05-14T04_52_11.HAWAII-2RG.rb does not exist. Creating it...

sof file /data/beegfs/astro-storage/groups/matisse/scheuck/data//GTO/hd142666/PRODUCTS/20190514/Iter1/mat_raw_estimates.2019-05-14T05:28:03.HAWAII-2RG.sof does not exist. Creating it...
outputDir /data/beegfs/astro-storage/groups/matisse/scheuck/data//GTO/hd142666/PRODUCTS/20190514/Iter1/mat_raw_estimates.2019-05-14T05_28_03.HAWAII-2RG.rb does not exist. Creating it...

sof file /data/beegfs/astro-storage/groups/matisse/scheuck/data//GTO/hd142666/PRODUCTS/20190514/Iter1/mat_raw_estimates.2019-05-14T06:12:59.HAWAII-2RG.sof does not exist. Creating it...
outputDir /data/beegfs/astro-storage/groups/matisse/scheuck/data//GTO/hd142666/PRODUCTS/20190514/Iter1/mat_raw_estimates.2019-05-14T06_12_59.HAWAII-2RG.rb does not exist. Creating it...

('Reduction Blocks to process:            ', 3)
esorex --output-dir=/data/beegfs/astro-storage/groups/matisse/scheuck/data//GTO/hd142666/PRODUCTS/20190514/Iter1/mat_raw_estimates.2019-05-14T04_52_11.HAWAII-2RG.rb mat_raw_estimates  --corrFlux=TRUE --coherentAlgo=2 --compensate=[pb,rb,nl,if,bp,od] --cumulBlock=TRUE --spectralBinning=11 -- /data/beegfs/astro-storage/groups/matisse/scheuck/data//GTO/hd142666/PRODUCTS/20190514/Iter1/mat_raw_estimates.2019-05-14T04:52:11.HAWAII-2RG.sof
LOW
esorex --output-dir=/data/beegfs/astro-storage/groups/matisse/scheuck/data//GTO/hd142666/PRODUCTS/20190514/Iter1/mat_raw_estimates.2019-05-14T06_12_59.HAWAII-2RG.rb mat_raw_estimates  --corrFlux=TRUE --coherentAlgo=2 --compensate=[pb,rb,nl,if,bp,od] --cumulBlock=TRUE --spectralBinning=11 -- /data/beegfs/astro-storage/groups/matisse/scheuck/data//GTO/hd142666/PRODUCTS/20190514/Iter1/mat_raw_estimates.2019-05-14T06:12:59.HAWAII-2RG.sof
LOW
('Reduction Blocks processed:             ', 3)
('Reduction Blocks not processed:         ', 0)
 
No more iteration to do
-----------------------
 
Processing summary:
 
('2019-05-14T04:52:11     ', 'HAWAII-2RG    ', 'ACTION_MAT_RAW_ESTIMATES      ', 'Processing done at iteration 1')
('2019-05-14T05:28:03     ', 'HAWAII-2RG    ', 'ACTION_MAT_RAW_ESTIMATES      ', 'Processing done at iteration 1')
('2019-05-14T06:12:59     ', 'HAWAII-2RG    ', 'ACTION_MAT_RAW_ESTIMATES      ', 'Processing done at iteration 1')
 
------------------------------------------------------------------------
('Raw Data Directory:                     ', '/data/beegfs/astro-storage/groups/matisse/scheuck/data//GTO/hd142666/RAW/20190514')
('Calibration Directory:                  ', '/data/beegfs/astro-storage/groups/matisse/scheuck/data//GTO/hd142666/RAW/20190514')
('Results Directory:                      ', '/data/beegfs/astro-storage/groups/matisse/scheuck/data//GTO/hd142666/PRODUCTS/20190514')
('Number of Cores:                        ', 10)
('Maximum Number of Iteration:            ', 1)
------------------------------------------------------------------------
Sorting files according to constraints...
Determining the number of reduction blocks...
Found 3 reduction blocks.

('Iteration ', 1)
-----------------------
listing reduction blocks...
listing files in the reduction blocks...
listing actions in the reduction blocks...
listing calibrations in the reduction blocks...
done.
listing calibrations from previous iteration in the reduction blocks...
creating the sof files and directories...
sof file /data/beegfs/astro-storage/groups/matisse/scheuck/data//GTO/hd142666/PRODUCTS/20190514/Iter1/mat_raw_estimates.2019-05-14T04:52:11.HAWAII-2RG.sof does not exist. Creating it...
outputDir /data/beegfs/astro-storage/groups/matisse/scheuck/data//GTO/hd142666/PRODUCTS/20190514/Iter1/mat_raw_estimates.2019-05-14T04_52_11.HAWAII-2RG.rb does not exist. Creating it...

sof file /data/beegfs/astro-storage/groups/matisse/scheuck/data//GTO/hd142666/PRODUCTS/20190514/Iter1/mat_raw_estimates.2019-05-14T05:28:03.HAWAII-2RG.sof does not exist. Creating it...
outputDir /data/beegfs/astro-storage/groups/matisse/scheuck/data//GTO/hd142666/PRODUCTS/20190514/Iter1/mat_raw_estimates.2019-05-14T05_28_03.HAWAII-2RG.rb does not exist. Creating it...

sof file /data/beegfs/astro-storage/groups/matisse/scheuck/data//GTO/hd142666/PRODUCTS/20190514/Iter1/mat_raw_estimates.2019-05-14T06:12:59.HAWAII-2RG.sof does not exist. Creating it...
outputDir /data/beegfs/astro-storage/groups/matisse/scheuck/data//GTO/hd142666/PRODUCTS/20190514/Iter1/mat_raw_estimates.2019-05-14T06_12_59.HAWAII-2RG.rb does not exist. Creating it...

('Reduction Blocks to process:            ', 3)
esorex --output-dir=/data/beegfs/astro-storage/groups/matisse/scheuck/data//GTO/hd142666/PRODUCTS/20190514/Iter1/mat_raw_estimates.2019-05-14T06_12_59.HAWAII-2RG.rb mat_raw_estimates  --corrFlux=FALSE --coherentAlgo=2 --compensate=[pb,rb,nl,if,bp,od] --cumulBlock=TRUE --spectralBinning=11 -- /data/beegfs/astro-storage/groups/matisse/scheuck/data//GTO/hd142666/PRODUCTS/20190514/Iter1/mat_raw_estimates.2019-05-14T06:12:59.HAWAII-2RG.sof
LOW
esorex --output-dir=/data/beegfs/astro-storage/groups/matisse/scheuck/data//GTO/hd142666/PRODUCTS/20190514/Iter1/mat_raw_estimates.2019-05-14T04_52_11.HAWAII-2RG.rb mat_raw_estimates  --corrFlux=FALSE --coherentAlgo=2 --compensate=[pb,rb,nl,if,bp,od] --cumulBlock=TRUE --spectralBinning=11 -- /data/beegfs/astro-storage/groups/matisse/scheuck/data//GTO/hd142666/PRODUCTS/20190514/Iter1/mat_raw_estimates.2019-05-14T04:52:11.HAWAII-2RG.sof
LOW
esorex --output-dir=/data/beegfs/astro-storage/groups/matisse/scheuck/data//GTO/hd142666/PRODUCTS/20190514/Iter1/mat_raw_estimates.2019-05-14T05_28_03.HAWAII-2RG.rb mat_raw_estimates  --corrFlux=FALSE --coherentAlgo=2 --compensate=[pb,rb,nl,if,bp,od] --cumulBlock=TRUE --spectralBinning=11 -- /data/beegfs/astro-storage/groups/matisse/scheuck/data//GTO/hd142666/PRODUCTS/20190514/Iter1/mat_raw_estimates.2019-05-14T05:28:03.HAWAII-2RG.sof
LOW
('Reduction Blocks processed:             ', 3)
('Reduction Blocks not processed:         ', 0)
 
No more iteration to do
-----------------------
 
Processing summary:
 
('2019-05-14T04:52:11     ', 'HAWAII-2RG    ', 'ACTION_MAT_RAW_ESTIMATES      ', 'Processing done at iteration 1')
('2019-05-14T05:28:03     ', 'HAWAII-2RG    ', 'ACTION_MAT_RAW_ESTIMATES      ', 'Processing done at iteration 1')
('2019-05-14T06:12:59     ', 'HAWAII-2RG    ', 'ACTION_MAT_RAW_ESTIMATES      ', 'Processing done at iteration 1')
mv: cannot stat '/data/beegfs/astro-storage/groups/matisse/scheuck/data//GTO/hd142666/PRODUCTS/20190514/Iter1/*.rb': No such file or directory
Finished calibration in 5892.000000 sec 
------------------------------------------------------------------------
('Raw Data Directory:                     ', '/data/beegfs/astro-storage/groups/matisse/scheuck/data//GTO/hd142666/RAW/20190514')
('Calibration Directory:                  ', '/data/beegfs/astro-storage/groups/matisse/scheuck/data//GTO/hd142666/RAW/20190514')
('Results Directory:                      ', '/data/beegfs/astro-storage/groups/matisse/scheuck/data//GTO/hd142666/PRODUCTS/20190514')
('Number of Cores:                        ', 10)
('Maximum Number of Iteration:            ', 1)
------------------------------------------------------------------------
Sorting files according to constraints...
Determining the number of reduction blocks...
Found 3 reduction blocks.

('Iteration ', 1)
-----------------------
listing reduction blocks...
listing files in the reduction blocks...
listing actions in the reduction blocks...
listing calibrations in the reduction blocks...
done.
listing calibrations from previous iteration in the reduction blocks...
creating the sof files and directories...
sof file /data/beegfs/astro-storage/groups/matisse/scheuck/data//GTO/hd142666/PRODUCTS/20190514/Iter1/mat_raw_estimates.2019-05-14T04:52:11.HAWAII-2RG.sof does not exist. Creating it...
outputDir /data/beegfs/astro-storage/groups/matisse/scheuck/data//GTO/hd142666/PRODUCTS/20190514/Iter1/mat_raw_estimates.2019-05-14T04_52_11.HAWAII-2RG.rb does not exist. Creating it...

sof file /data/beegfs/astro-storage/groups/matisse/scheuck/data//GTO/hd142666/PRODUCTS/20190514/Iter1/mat_raw_estimates.2019-05-14T05:28:03.HAWAII-2RG.sof does not exist. Creating it...
outputDir /data/beegfs/astro-storage/groups/matisse/scheuck/data//GTO/hd142666/PRODUCTS/20190514/Iter1/mat_raw_estimates.2019-05-14T05_28_03.HAWAII-2RG.rb does not exist. Creating it...

sof file /data/beegfs/astro-storage/groups/matisse/scheuck/data//GTO/hd142666/PRODUCTS/20190514/Iter1/mat_raw_estimates.2019-05-14T06:12:59.HAWAII-2RG.sof does not exist. Creating it...
outputDir /data/beegfs/astro-storage/groups/matisse/scheuck/data//GTO/hd142666/PRODUCTS/20190514/Iter1/mat_raw_estimates.2019-05-14T06_12_59.HAWAII-2RG.rb does not exist. Creating it...

('Reduction Blocks to process:            ', 3)
 
------------------------------------------------------------------------
('Raw Data Directory:                     ', '/data/beegfs/astro-storage/groups/matisse/scheuck/data//GTO/hd142666/RAW/20190514')
('Calibration Directory:                  ', '/data/beegfs/astro-storage/groups/matisse/scheuck/data//GTO/hd142666/RAW/20190514')
('Results Directory:                      ', '/data/beegfs/astro-storage/groups/matisse/scheuck/data//GTO/hd142666/PRODUCTS/20190514')
('Number of Cores:                        ', 10)
('Maximum Number of Iteration:            ', 1)
------------------------------------------------------------------------
Sorting files according to constraints...
Determining the number of reduction blocks...
Found 3 reduction blocks.

('Iteration ', 1)
-----------------------
listing reduction blocks...
listing files in the reduction blocks...
listing actions in the reduction blocks...
listing calibrations in the reduction blocks...
done.
listing calibrations from previous iteration in the reduction blocks...
creating the sof files and directories...
sof file /data/beegfs/astro-storage/groups/matisse/scheuck/data//GTO/hd142666/PRODUCTS/20190514/Iter1/mat_raw_estimates.2019-05-14T04:52:11.HAWAII-2RG.sof does not exist. Creating it...
outputDir /data/beegfs/astro-storage/groups/matisse/scheuck/data//GTO/hd142666/PRODUCTS/20190514/Iter1/mat_raw_estimates.2019-05-14T04_52_11.HAWAII-2RG.rb does not exist. Creating it...

sof file /data/beegfs/astro-storage/groups/matisse/scheuck/data//GTO/hd142666/PRODUCTS/20190514/Iter1/mat_raw_estimates.2019-05-14T05:28:03.HAWAII-2RG.sof does not exist. Creating it...
outputDir /data/beegfs/astro-storage/groups/matisse/scheuck/data//GTO/hd142666/PRODUCTS/20190514/Iter1/mat_raw_estimates.2019-05-14T05_28_03.HAWAII-2RG.rb does not exist. Creating it...

sof file /data/beegfs/astro-storage/groups/matisse/scheuck/data//GTO/hd142666/PRODUCTS/20190514/Iter1/mat_raw_estimates.2019-05-14T06:12:59.HAWAII-2RG.sof does not exist. Creating it...
outputDir /data/beegfs/astro-storage/groups/matisse/scheuck/data//GTO/hd142666/PRODUCTS/20190514/Iter1/mat_raw_estimates.2019-05-14T06_12_59.HAWAII-2RG.rb does not exist. Creating it...

('Reduction Blocks to process:            ', 3)
esorex --output-dir=/data/beegfs/astro-storage/groups/matisse/scheuck/data//GTO/hd142666/PRODUCTS/20190514/Iter1/mat_raw_estimates.2019-05-14T06_12_59.HAWAII-2RG.rb mat_raw_estimates  --corrFlux=TRUE --coherentAlgo=2 --compensate=[pb,rb,nl,if,bp,od] --cumulBlock=TRUE --spectralBinning=11 -- /data/beegfs/astro-storage/groups/matisse/scheuck/data//GTO/hd142666/PRODUCTS/20190514/Iter1/mat_raw_estimates.2019-05-14T06:12:59.HAWAII-2RG.sof
LOW
esorex --output-dir=/data/beegfs/astro-storage/groups/matisse/scheuck/data//GTO/hd142666/PRODUCTS/20190514/Iter1/mat_raw_estimates.2019-05-14T04_52_11.HAWAII-2RG.rb mat_raw_estimates  --corrFlux=TRUE --coherentAlgo=2 --compensate=[pb,rb,nl,if,bp,od] --cumulBlock=TRUE --spectralBinning=11 -- /data/beegfs/astro-storage/groups/matisse/scheuck/data//GTO/hd142666/PRODUCTS/20190514/Iter1/mat_raw_estimates.2019-05-14T04:52:11.HAWAII-2RG.sof
LOW
esorex --output-dir=/data/beegfs/astro-storage/groups/matisse/scheuck/data//GTO/hd142666/PRODUCTS/20190514/Iter1/mat_raw_estimates.2019-05-14T05_28_03.HAWAII-2RG.rb mat_raw_estimates  --corrFlux=TRUE --coherentAlgo=2 --compensate=[pb,rb,nl,if,bp,od] --cumulBlock=TRUE --spectralBinning=11 -- /data/beegfs/astro-storage/groups/matisse/scheuck/data//GTO/hd142666/PRODUCTS/20190514/Iter1/mat_raw_estimates.2019-05-14T05:28:03.HAWAII-2RG.sof
LOW
('Reduction Blocks processed:             ', 3)
('Reduction Blocks not processed:         ', 0)
 
No more iteration to do
-----------------------
 
Processing summary:
 
('2019-05-14T04:52:11     ', 'HAWAII-2RG    ', 'ACTION_MAT_RAW_ESTIMATES      ', 'Processing done at iteration 1')
('2019-05-14T05:28:03     ', 'HAWAII-2RG    ', 'ACTION_MAT_RAW_ESTIMATES      ', 'Processing done at iteration 1')
('2019-05-14T06:12:59     ', 'HAWAII-2RG    ', 'ACTION_MAT_RAW_ESTIMATES      ', 'Processing done at iteration 1')
 
------------------------------------------------------------------------
('Raw Data Directory:                     ', '/data/beegfs/astro-storage/groups/matisse/scheuck/data//GTO/hd142666/RAW/20190514')
('Calibration Directory:                  ', '/data/beegfs/astro-storage/groups/matisse/scheuck/data//GTO/hd142666/RAW/20190514')
('Results Directory:                      ', '/data/beegfs/astro-storage/groups/matisse/scheuck/data//GTO/hd142666/PRODUCTS/20190514')
('Number of Cores:                        ', 10)
('Maximum Number of Iteration:            ', 1)
------------------------------------------------------------------------
Sorting files according to constraints...
Determining the number of reduction blocks...
Found 3 reduction blocks.

('Iteration ', 1)
-----------------------
listing reduction blocks...
listing files in the reduction blocks...
listing actions in the reduction blocks...
listing calibrations in the reduction blocks...
done.
listing calibrations from previous iteration in the reduction blocks...
creating the sof files and directories...
sof file /data/beegfs/astro-storage/groups/matisse/scheuck/data//GTO/hd142666/PRODUCTS/20190514/Iter1/mat_raw_estimates.2019-05-14T04:52:11.HAWAII-2RG.sof does not exist. Creating it...
outputDir /data/beegfs/astro-storage/groups/matisse/scheuck/data//GTO/hd142666/PRODUCTS/20190514/Iter1/mat_raw_estimates.2019-05-14T04_52_11.HAWAII-2RG.rb does not exist. Creating it...

sof file /data/beegfs/astro-storage/groups/matisse/scheuck/data//GTO/hd142666/PRODUCTS/20190514/Iter1/mat_raw_estimates.2019-05-14T05:28:03.HAWAII-2RG.sof does not exist. Creating it...
outputDir /data/beegfs/astro-storage/groups/matisse/scheuck/data//GTO/hd142666/PRODUCTS/20190514/Iter1/mat_raw_estimates.2019-05-14T05_28_03.HAWAII-2RG.rb does not exist. Creating it...

sof file /data/beegfs/astro-storage/groups/matisse/scheuck/data//GTO/hd142666/PRODUCTS/20190514/Iter1/mat_raw_estimates.2019-05-14T06:12:59.HAWAII-2RG.sof does not exist. Creating it...
outputDir /data/beegfs/astro-storage/groups/matisse/scheuck/data//GTO/hd142666/PRODUCTS/20190514/Iter1/mat_raw_estimates.2019-05-14T06_12_59.HAWAII-2RG.rb does not exist. Creating it...

('Reduction Blocks to process:            ', 3)
sh: line 1: 38243 Segmentation fault      esorex --output-dir=/data/beegfs/astro-storage/groups/matisse/scheuck/data//GTO/hd142666/PRODUCTS/20190514/Iter1/mat_raw_estimates.2019-05-14T06_12_59.HAWAII-2RG.rb mat_raw_estimates --corrFlux=TRUE --coherentAlgo=2 --compensate=[pb,rb,nl,if,bp,od] --cumulBlock=TRUE --spectralBinning=11 -- /data/beegfs/astro-storage/groups/matisse/scheuck/data//GTO/hd142666/PRODUCTS/20190514/Iter1/mat_raw_estimates.2019-05-14T06:12:59.HAWAII-2RG.sof > /data/beegfs/astro-storage/groups/matisse/scheuck/data//GTO/hd142666/PRODUCTS/20190514/Iter1/mat_raw_estimates.2019-05-14T06:12:59.HAWAII-2RG.sof.log 2> /data/beegfs/astro-storage/groups/matisse/scheuck/data//GTO/hd142666/PRODUCTS/20190514/Iter1/mat_raw_estimates.2019-05-14T06:12:59.HAWAII-2RG.sof.err
esorex --output-dir=/data/beegfs/astro-storage/groups/matisse/scheuck/data//GTO/hd142666/PRODUCTS/20190514/Iter1/mat_raw_estimates.2019-05-14T04_52_11.HAWAII-2RG.rb mat_raw_estimates  --corrFlux=TRUE --coherentAlgo=2 --compensate=[pb,rb,nl,if,bp,od] --cumulBlock=TRUE --spectralBinning=11 -- /data/beegfs/astro-storage/groups/matisse/scheuck/data//GTO/hd142666/PRODUCTS/20190514/Iter1/mat_raw_estimates.2019-05-14T04:52:11.HAWAII-2RG.sof
LOW
('Reduction Blocks processed:             ', 3)
('Reduction Blocks not processed:         ', 0)
 
No more iteration to do
-----------------------
 
Processing summary:
 
('2019-05-14T04:52:11     ', 'HAWAII-2RG    ', 'ACTION_MAT_RAW_ESTIMATES      ', 'Processing done at iteration 1')
('2019-05-14T05:28:03     ', 'HAWAII-2RG    ', 'ACTION_MAT_RAW_ESTIMATES      ', 'Processing done at iteration 1')
('2019-05-14T06:12:59     ', 'HAWAII-2RG    ', 'ACTION_MAT_RAW_ESTIMATES      ', 'Processing done at iteration 1')
 
------------------------------------------------------------------------
('Raw Data Directory:                     ', '/data/beegfs/astro-storage/groups/matisse/scheuck/data//GTO/hd142666/RAW/20190514')
('Calibration Directory:                  ', '/data/beegfs/astro-storage/groups/matisse/scheuck/data//GTO/hd142666/RAW/20190514')
('Results Directory:                      ', '/data/beegfs/astro-storage/groups/matisse/scheuck/data//GTO/hd142666/PRODUCTS/20190514')
('Number of Cores:                        ', 10)
('Maximum Number of Iteration:            ', 1)
------------------------------------------------------------------------
Sorting files according to constraints...
Determining the number of reduction blocks...
Found 3 reduction blocks.

('Iteration ', 1)
-----------------------
listing reduction blocks...
listing files in the reduction blocks...
listing actions in the reduction blocks...
listing calibrations in the reduction blocks...
done.
listing calibrations from previous iteration in the reduction blocks...
creating the sof files and directories...
sof file /data/beegfs/astro-storage/groups/matisse/scheuck/data//GTO/hd142666/PRODUCTS/20190514/Iter1/mat_raw_estimates.2019-05-14T04:52:11.HAWAII-2RG.sof does not exist. Creating it...
outputDir /data/beegfs/astro-storage/groups/matisse/scheuck/data//GTO/hd142666/PRODUCTS/20190514/Iter1/mat_raw_estimates.2019-05-14T04_52_11.HAWAII-2RG.rb does not exist. Creating it...

sof file /data/beegfs/astro-storage/groups/matisse/scheuck/data//GTO/hd142666/PRODUCTS/20190514/Iter1/mat_raw_estimates.2019-05-14T05:28:03.HAWAII-2RG.sof does not exist. Creating it...
outputDir /data/beegfs/astro-storage/groups/matisse/scheuck/data//GTO/hd142666/PRODUCTS/20190514/Iter1/mat_raw_estimates.2019-05-14T05_28_03.HAWAII-2RG.rb does not exist. Creating it...

sof file /data/beegfs/astro-storage/groups/matisse/scheuck/data//GTO/hd142666/PRODUCTS/20190514/Iter1/mat_raw_estimates.2019-05-14T06:12:59.HAWAII-2RG.sof does not exist. Creating it...
outputDir /data/beegfs/astro-storage/groups/matisse/scheuck/data//GTO/hd142666/PRODUCTS/20190514/Iter1/mat_raw_estimates.2019-05-14T06_12_59.HAWAII-2RG.rb does not exist. Creating it...

('Reduction Blocks to process:            ', 3)
esorex --output-dir=/data/beegfs/astro-storage/groups/matisse/scheuck/data//GTO/hd142666/PRODUCTS/20190514/Iter1/mat_raw_estimates.2019-05-14T06_12_59.HAWAII-2RG.rb mat_raw_estimates  --corrFlux=FALSE --coherentAlgo=2 --compensate=[pb,rb,nl,if,bp,od] --cumulBlock=TRUE --spectralBinning=11 -- /data/beegfs/astro-storage/groups/matisse/scheuck/data//GTO/hd142666/PRODUCTS/20190514/Iter1/mat_raw_estimates.2019-05-14T06:12:59.HAWAII-2RG.sof
LOW
esorex --output-dir=/data/beegfs/astro-storage/groups/matisse/scheuck/data//GTO/hd142666/PRODUCTS/20190514/Iter1/mat_raw_estimates.2019-05-14T04_52_11.HAWAII-2RG.rb mat_raw_estimates  --corrFlux=FALSE --coherentAlgo=2 --compensate=[pb,rb,nl,if,bp,od] --cumulBlock=TRUE --spectralBinning=11 -- /data/beegfs/astro-storage/groups/matisse/scheuck/data//GTO/hd142666/PRODUCTS/20190514/Iter1/mat_raw_estimates.2019-05-14T04:52:11.HAWAII-2RG.sof
LOW
esorex --output-dir=/data/beegfs/astro-storage/groups/matisse/scheuck/data//GTO/hd142666/PRODUCTS/20190514/Iter1/mat_raw_estimates.2019-05-14T05_28_03.HAWAII-2RG.rb mat_raw_estimates  --corrFlux=FALSE --coherentAlgo=2 --compensate=[pb,rb,nl,if,bp,od] --cumulBlock=TRUE --spectralBinning=11 -- /data/beegfs/astro-storage/groups/matisse/scheuck/data//GTO/hd142666/PRODUCTS/20190514/Iter1/mat_raw_estimates.2019-05-14T05:28:03.HAWAII-2RG.sof
LOW
('Reduction Blocks processed:             ', 3)
('Reduction Blocks not processed:         ', 0)
 
No more iteration to do
-----------------------
 
Processing summary:
 
('2019-05-14T04:52:11     ', 'HAWAII-2RG    ', 'ACTION_MAT_RAW_ESTIMATES      ', 'Processing done at iteration 1')
('2019-05-14T05:28:03     ', 'HAWAII-2RG    ', 'ACTION_MAT_RAW_ESTIMATES      ', 'Processing done at iteration 1')
('2019-05-14T06:12:59     ', 'HAWAII-2RG    ', 'ACTION_MAT_RAW_ESTIMATES      ', 'Processing done at iteration 1')
Finished calibration in 252.000000 secesorex --output-dir=/data/beegfs/astro-storage/groups/matisse/scheuck/data//GTO/hd142666/PRODUCTS/20190514/Iter1/mat_raw_estimates.2019-05-14T06_12_59.HAWAII-2RG.rb mat_raw_estimates  --corrFlux=FALSE --coherentAlgo=2 --compensate=[pb,rb,nl,if,bp,od] --cumulBlock=TRUE --spectralBinning=11 -- /data/beegfs/astro-storage/groups/matisse/scheuck/data//GTO/hd142666/PRODUCTS/20190514/Iter1/mat_raw_estimates.2019-05-14T06:12:59.HAWAII-2RG.sof
LOW
esorex --output-dir=/data/beegfs/astro-storage/groups/matisse/scheuck/data//GTO/hd142666/PRODUCTS/20190514/Iter1/mat_raw_estimates.2019-05-14T04_52_11.HAWAII-2RG.rb mat_raw_estimates  --corrFlux=FALSE --coherentAlgo=2 --compensate=[pb,rb,nl,if,bp,od] --cumulBlock=TRUE --spectralBinning=11 -- /data/beegfs/astro-storage/groups/matisse/scheuck/data//GTO/hd142666/PRODUCTS/20190514/Iter1/mat_raw_estimates.2019-05-14T04:52:11.HAWAII-2RG.sof
LOW
esorex --output-dir=/data/beegfs/astro-storage/groups/matisse/scheuck/data//GTO/hd142666/PRODUCTS/20190514/Iter1/mat_raw_estimates.2019-05-14T05_28_03.HAWAII-2RG.rb mat_raw_estimates  --corrFlux=FALSE --coherentAlgo=2 --compensate=[pb,rb,nl,if,bp,od] --cumulBlock=TRUE --spectralBinning=11 -- /data/beegfs/astro-storage/groups/matisse/scheuck/data//GTO/hd142666/PRODUCTS/20190514/Iter1/mat_raw_estimates.2019-05-14T05:28:03.HAWAII-2RG.sof
LOW
('Reduction Blocks processed:             ', 3)
('Reduction Blocks not processed:         ', 0)
 
No more iteration to do
-----------------------
 
Processing summary:
 
('2019-05-14T04:52:11     ', 'HAWAII-2RG    ', 'ACTION_MAT_RAW_ESTIMATES      ', 'Processing done at iteration 1')
('2019-05-14T05:28:03     ', 'HAWAII-2RG    ', 'ACTION_MAT_RAW_ESTIMATES      ', 'Processing done at iteration 1')
('2019-05-14T06:12:59     ', 'HAWAII-2RG    ', 'ACTION_MAT_RAW_ESTIMATES      ', 'Processing done at iteration 1')
mv: cannot stat '/data/beegfs/astro-storage/groups/matisse/scheuck/data//GTO/hd142666/PRODUCTS/20190514/Iter1/*.rb': No such file or directory
Finished calibration in 5866.000000 sec 
------------------------------------------------------------------------
('Raw Data Directory:                     ', '/data/beegfs/astro-storage/groups/matisse/scheuck/data//GTO/hd142666/RAW/20190514')
('Calibration Directory:                  ', '/data/beegfs/astro-storage/groups/matisse/scheuck/data//GTO/hd142666/RAW/20190514')
('Results Directory:                      ', '/data/beegfs/astro-storage/groups/matisse/scheuck/data//GTO/hd142666/PRODUCTS/20190514')
('Number of Cores:                        ', 10)
('Maximum Number of Iteration:            ', 1)
------------------------------------------------------------------------
Sorting files according to constraints...
Determining the number of reduction blocks...
Found 3 reduction blocks.

('Iteration ', 1)
-----------------------
listing reduction blocks...
listing files in the reduction blocks...
listing actions in the reduction blocks...
listing calibrations in the reduction blocks...
done.
listing calibrations from previous iteration in the reduction blocks...
creating the sof files and directories...
sof file /data/beegfs/astro-storage/groups/matisse/scheuck/data//GTO/hd142666/PRODUCTS/20190514/Iter1/mat_raw_estimates.2019-05-14T04:52:11.HAWAII-2RG.sof does not exist. Creating it...
outputDir /data/beegfs/astro-storage/groups/matisse/scheuck/data//GTO/hd142666/PRODUCTS/20190514/Iter1/mat_raw_estimates.2019-05-14T04_52_11.HAWAII-2RG.rb does not exist. Creating it...

sof file /data/beegfs/astro-storage/groups/matisse/scheuck/data//GTO/hd142666/PRODUCTS/20190514/Iter1/mat_raw_estimates.2019-05-14T05:28:03.HAWAII-2RG.sof does not exist. Creating it...
outputDir /data/beegfs/astro-storage/groups/matisse/scheuck/data//GTO/hd142666/PRODUCTS/20190514/Iter1/mat_raw_estimates.2019-05-14T05_28_03.HAWAII-2RG.rb does not exist. Creating it...

sof file /data/beegfs/astro-storage/groups/matisse/scheuck/data//GTO/hd142666/PRODUCTS/20190514/Iter1/mat_raw_estimates.2019-05-14T06:12:59.HAWAII-2RG.sof does not exist. Creating it...
outputDir /data/beegfs/astro-storage/groups/matisse/scheuck/data//GTO/hd142666/PRODUCTS/20190514/Iter1/mat_raw_estimates.2019-05-14T06_12_59.HAWAII-2RG.rb does not exist. Creating it...

('Reduction Blocks to process:            ', 3)
sh: line 1: 133750 Terminated              esorex --output-dir=/data/beegfs/astro-storage/groups/matisse/scheuck/data//GTO/hd142666/PRODUCTS/20190514/Iter1/mat_raw_estimates.2019-05-14T04_52_11.HAWAII-2RG.rb mat_raw_estimates --corrFlux=TRUE --coherentAlgo=2 --compensate=[pb,rb,nl,if,bp,od] --cumulBlock=TRUE --spectralBinning=11 -- /data/beegfs/astro-storage/groups/matisse/scheuck/data//GTO/hd142666/PRODUCTS/20190514/Iter1/mat_raw_estimates.2019-05-14T04:52:11.HAWAII-2RG.sof > /data/beegfs/astro-storage/groups/matisse/scheuck/data//GTO/hd142666/PRODUCTS/20190514/Iter1/mat_raw_estimates.2019-05-14T04:52:11.HAWAII-2RG.sof.log 2> /data/beegfs/astro-storage/groups/matisse/scheuck/data//GTO/hd142666/PRODUCTS/20190514/Iter1/mat_raw_estimates.2019-05-14T04:52:11.HAWAII-2RG.sof.err
sh: line 1: 133752 Terminated              esorex --output-dir=/data/beegfs/astro-storage/groups/matisse/scheuck/data//GTO/hd142666/PRODUCTS/20190514/Iter1/mat_raw_estimates.2019-05-14T06_12_59.HAWAII-2RG.rb mat_raw_estimates --corrFlux=TRUE --coherentAlgo=2 --compensate=[pb,rb,nl,if,bp,od] --cumulBlock=TRUE --spectralBinning=11 -- /data/beegfs/astro-storage/groups/matisse/scheuck/data//GTO/hd142666/PRODUCTS/20190514/Iter1/mat_raw_estimates.2019-05-14T06:12:59.HAWAII-2RG.sof > /data/beegfs/astro-storage/groups/matisse/scheuck/data//GTO/hd142666/PRODUCTS/20190514/Iter1/mat_raw_estimates.2019-05-14T06:12:59.HAWAII-2RG.sof.log 2> /data/beegfs/astro-storage/groups/matisse/scheuck/data//GTO/hd142666/PRODUCTS/20190514/Iter1/mat_raw_estimates.2019-05-14T06:12:59.HAWAII-2RG.sof.err
sh: line 1: 133751 Terminated              esorex --output-dir=/data/beegfs/astro-storage/groups/matisse/scheuck/data//GTO/hd142666/PRODUCTS/20190514/Iter1/mat_raw_estimates.2019-05-14T05_28_03.HAWAII-2RG.rb mat_raw_estimates --corrFlux=TRUE --coherentAlgo=2 --compensate=[pb,rb,nl,if,bp,od] --cumulBlock=TRUE --spectralBinning=11 -- /data/beegfs/astro-storage/groups/matisse/scheuck/data//GTO/hd142666/PRODUCTS/20190514/Iter1/mat_raw_estimates.2019-05-14T05:28:03.HAWAII-2RG.sof > /data/beegfs/astro-storage/groups/matisse/scheuck/data//GTO/hd142666/PRODUCTS/20190514/Iter1/mat_raw_estimates.2019-05-14T05:28:03.HAWAII-2RG.sof.log 2> /data/beegfs/astro-storage/groups/matisse/scheuck/data//GTO/hd142666/PRODUCTS/20190514/Iter1/mat_raw_estimates.2019-05-14T05:28:03.HAWAII-2RG.sof.err
esorex --output-dir=/data/beegfs/astro-storage/groups/matisse/scheuck/data//GTO/hd142666/PRODUCTS/20190514/Iter1/mat_raw_estimates.2019-05-14T04_52_11.HAWAII-2RG.rb mat_raw_estimates  --corrFlux=TRUE --coherentAlgo=2 --compensate=[pb,rb,nl,if,bp,od] --cumulBlock=TRUE --spectralBinning=11 -- /data/beegfs/astro-storage/groups/matisse/scheuck/data//GTO/hd142666/PRODUCTS/20190514/Iter1/mat_raw_estimates.2019-05-14T04:52:11.HAWAII-2RG.sof
LOW
esorex --output-dir=/data/beegfs/astro-storage/groups/matisse/scheuck/data//GTO/hd142666/PRODUCTS/20190514/Iter1/mat_raw_estimates.2019-05-14T06_12_59.HAWAII-2RG.rb mat_raw_estimates  --corrFlux=TRUE --coherentAlgo=2 --compensate=[pb,rb,nl,if,bp,od] --cumulBlock=TRUE --spectralBinning=11 -- /data/beegfs/astro-storage/groups/matisse/scheuck/data//GTO/hd142666/PRODUCTS/20190514/Iter1/mat_raw_estimates.2019-05-14T06:12:59.HAWAII-2RG.sof
LOW
esorex --output-dir=/data/beegfs/astro-storage/groups/matisse/scheuck/data//GTO/hd142666/PRODUCTS/20190514/Iter1/mat_raw_estimates.2019-05-14T05_28_03.HAWAII-2RG.rb mat_raw_estimates  --corrFlux=TRUE --coherentAlgo=2 --compensate=[pb,rb,nl,if,bp,od] --cumulBlock=TRUE --spectralBinning=11 -- /data/beegfs/astro-storage/groups/matisse/scheuck/data//GTO/hd142666/PRODUCTS/20190514/Iter1/mat_raw_estimates.2019-05-14T05:28:03.HAWAII-2RG.sof
LOW
('Reduction Blocks processed:             ', 3)
('Reduction Blocks not processed:         ', 0)
 
No more iteration to do
-----------------------
 
Processing summary:
 
('2019-05-14T04:52:11     ', 'HAWAII-2RG    ', 'ACTION_MAT_RAW_ESTIMATES      ', 'Processing done at iteration 1')
('2019-05-14T05:28:03     ', 'HAWAII-2RG    ', 'ACTION_MAT_RAW_ESTIMATES      ', 'Processing done at iteration 1')
('2019-05-14T06:12:59     ', 'HAWAII-2RG    ', 'ACTION_MAT_RAW_ESTIMATES      ', 'Processing done at iteration 1')
